  imgui.cpp
  main.cpp
c:\users\dimjava\downloads\opencell\demo\helpers.h(187): warning C4267: 'argument': conversion from 'size_t' to 'int', possible loss of data
c:\users\dimjava\downloads\opencell\demo\helpers.h(486): warning C4267: 'argument': conversion from 'size_t' to 'int', possible loss of data
c:\users\dimjava\downloads\opencell\demo\helpers.h(584): warning C4267: 'initializing': conversion from 'size_t' to 'int', possible loss of data
c:\users\dimjava\downloads\opencell\demo\helpers.h(670): warning C4267: 'argument': conversion from 'size_t' to 'int', possible loss of data
c:\users\dimjava\downloads\opencell\demo\helpers.h(684): warning C4267: 'argument': conversion from 'size_t' to 'int', possible loss of data
c:\users\dimjava\downloads\opencell\demo\helpers.h(685): warning C4267: 'argument': conversion from 'size_t' to 'int', possible loss of data
c:\users\dimjava\downloads\opencell\demo\helpers.h(1202): warning C4267: 'argument': conversion from 'size_t' to 'int', possible loss of data
c:\users\dimjava\downloads\opencell\demo\helpers.h(1228): warning C4267: 'argument': conversion from 'size_t' to 'int', possible loss of data
c:\users\dimjava\downloads\opencell\demo\helpers.h(1251): warning C4267: 'argument': conversion from 'size_t' to 'int', possible loss of data
c:\users\dimjava\downloads\opencell\demo\helpers.h(1430): warning C4267: 'argument': conversion from 'size_t' to 'int', possible loss of data
c:\users\dimjava\downloads\opencell\demo\helpers.h(1491): warning C4267: 'argument': conversion from 'size_t' to 'int', possible loss of data
c:\users\dimjava\downloads\opencell\demo\scenes\components\cytoplasm.h(25): warning C4267: 'argument': conversion from 'size_t' to 'int', possible loss of data
  imguiRenderGL.cpp
  shader.cpp
  shadersGL.cpp
  aabbtree.cpp
  core.cpp
  extrude.cpp
  maths.cpp
  mesh.cpp
  perlin.cpp
  pfm.cpp
  platform.cpp
  sdf.cpp
  tga.cpp
  voxelize.cpp
  Generating Code...
     Creating library ./../../../bin/win64\NvFlexDemoDebugCUDA_x64.lib and object ./../../../bin/win64\NvFlexDemoDebugCUDA_x64.exp
  flexDemoCUDA.vcxproj -> C:\Users\dimjava\Downloads\OpenCell\demo\compiler\vc14win64\./../../../bin/win64\NvFlexDemoDebugCUDA_x64.exe
  flexDemoCUDA.vcxproj -> ./../../../bin/win64\/NvFlexDemoDebugCUDA_x64.exe.pdb (Full PDB)
